<?xml version="1.0" encoding="utf-8"?><testsuites name="pytest tests"><testsuite name="pytest" errors="0" failures="0" skipped="0" tests="17" time="6.081" timestamp="2026-03-04T18:10:15.133309+00:00" hostname="agent-env-8e60fb45-7018-4df8-9ab6-24a26c87ce06"><testcase classname="backend.tests.test_redis_layer.TestRedisHealthAndStats" name="test_redis_health" time="1.299" /><testcase classname="backend.tests.test_redis_layer.TestRedisHealthAndStats" name="test_redis_stats" time="0.156" /><testcase classname="backend.tests.test_redis_layer.TestRedisPipeline" name="test_pipeline_status" time="1.101" /><testcase classname="backend.tests.test_redis_layer.TestCacheFunding" name="test_get_funding_btc_perp" time="0.719" /><testcase classname="backend.tests.test_redis_layer.TestCacheFunding" name="test_get_funding_eth_perp" time="0.642" /><testcase classname="backend.tests.test_redis_layer.TestCacheOpenInterest" name="test_get_open_interest_btc_perp" time="0.180" /><testcase classname="backend.tests.test_redis_layer.TestCacheOpenInterest" name="test_get_open_interest_eth_perp" time="0.470" /><testcase classname="backend.tests.test_redis_layer.TestCacheAssetSnapshots" name="test_get_asset_btc" time="0.117" /><testcase classname="backend.tests.test_redis_layer.TestCacheAssetSnapshots" name="test_get_asset_eth" time="0.108" /><testcase classname="backend.tests.test_redis_layer.TestCacheGlobalSnapshot" name="test_get_global_snapshot" time="0.106" /><testcase classname="backend.tests.test_redis_layer.TestCacheTickers" name="test_get_ticker_coinbase_btc" time="0.185" /><testcase classname="backend.tests.test_redis_layer.TestCacheTickers" name="test_get_ticker_hyperliquid_btc" time="0.141" /><testcase classname="backend.tests.test_redis_layer.TestCacheDataPopulation" name="test_redis_has_data" time="0.136" /><testcase classname="backend.tests.test_redis_layer.TestLatencyPerformance" name="test_cache_read_latency" time="0.240" /><testcase classname="backend.tests.test_redis_layer.TestEdgeCases" name="test_invalid_instrument_id" time="0.123" /><testcase classname="backend.tests.test_redis_layer.TestEdgeCases" name="test_missing_instrument_id_param" time="0.135" /><testcase classname="backend.tests.test_redis_layer.TestEdgeCases" name="test_invalid_asset_id" time="0.111" /></testsuite></testsuites>